<?xml version="1.0" encoding="UTF-8"?>
<!-- Generated by org.testng.reporters.JUnitXMLReporter -->
<testsuite ignored="0" hostname="BINTERNS-QA2L" failures="0" tests="2" name="Test2" time="0.06" errors="0" timestamp="2023-03-07T18:48:38 IST">
  <testcase classname="Assignment_28.Testcase_3" name="testLogo" time="0.0">
    <skipped/>
  </testcase> <!-- testLogo -->
  <testcase classname="Assignment_28.Testcase_3" name="testHomePageTitle" time="0.0">
    <skipped/>
  </testcase> <!-- testHomePageTitle -->
</testsuite> <!-- Test2 -->
