<?xml version="1.0" encoding="UTF-8"?>
<!-- Generated by org.testng.reporters.JUnitXMLReporter -->
<testsuite ignored="0" hostname="BINTERNS-QA2L" failures="0" tests="4" name="Test" time="0.072" errors="0" timestamp="2023-03-07T16:21:53 IST">
  <testcase classname="Test_NG.Grouping_test" name="loginbyEmail" time="0.013"/>
  <testcase classname="Test_NG.Grouping_test" name="loginbyFacebook" time="0.0"/>
  <testcase classname="Test_NG.Grouping_test" name="loginbyInsta" time="0.002"/>
  <testcase classname="Test_NG.Grouping_test" name="loginbyTwitter" time="0.001"/>
</testsuite> <!-- Test -->
